[    0.000000] Initializing cgroup subsys cpuset
[    0.000000] Initializing cgroup subsys cpu
[    0.000000] Initializing cgroup subsys cpuacct
[    0.000000] Linux version 4.4.0-166-generic (buildd@lcy01-amd64-020) (gcc version 5.4.0 20160609 (Ubuntu 5.4.0-6ubuntu1~16.04.10) ) #195-Ubuntu SMP Tue Oct 1 09:35:25 UTC 2019 (Ubuntu 4.4.0-166.195-generic 4.4.194)
[    0.000000] Command line: BOOT_IMAGE=/boot/vmlinuz-4.4.0-166-generic root=LABEL=cloudimg-rootfs ro console=tty1 console=ttyS0
[    0.000000] KERNEL supported cpus:
[    0.000000]   Intel GenuineIntel
[    0.000000]   AMD AuthenticAMD
[    0.000000]   Centaur CentaurHauls
[    0.000000] x86/fpu: xstate_offset[2]:  576, xstate_sizes[2]:  256
[    0.000000] x86/fpu: Supporting XSAVE feature 0x01: 'x87 floating point registers'
[    0.000000] x86/fpu: Supporting XSAVE feature 0x02: 'SSE registers'
[    0.000000] x86/fpu: Supporting XSAVE feature 0x04: 'AVX registers'
[    0.000000] x86/fpu: Enabled xstate features 0x7, context size is 832 bytes, using 'standard' format.
[    0.000000] e820: BIOS-provided physical RAM map:
[    0.000000] BIOS-e820: [mem 0x0000000000000000-0x000000000009fbff] usable
[    0.000000] BIOS-e820: [mem 0x000000000009fc00-0x000000000009ffff] reserved
[    0.000000] BIOS-e820: [mem 0x00000000000f0000-0x00000000000fffff] reserved
[    0.000000] BIOS-e820: [mem 0x0000000000100000-0x00000000dffeffff] usable
[    0.000000] BIOS-e820: [mem 0x00000000dfff0000-0x00000000dfffffff] ACPI data
[    0.000000] BIOS-e820: [mem 0x00000000fec00000-0x00000000fec00fff] reserved
[    0.000000] BIOS-e820: [mem 0x00000000fee00000-0x00000000fee00fff] reserved
[    0.000000] BIOS-e820: [mem 0x00000000fffc0000-0x00000000ffffffff] reserved
[    0.000000] BIOS-e820: [mem 0x0000000100000000-0x000000011fffffff] usable
[    0.000000] NX (Execute Disable) protection: active
[    0.000000] SMBIOS 2.5 present.
[    0.000000] Hypervisor detected: KVM
[    0.000000] e820: last_pfn = 0x120000 max_arch_pfn = 0x400000000
[    0.000000] MTRR: Disabled
[    0.000000] x86/PAT: MTRRs disabled, skipping PAT initialization too.
[    0.000000] CPU MTRRs all blank - virtualized system.
[    0.000000] x86/PAT: Configuration [0-7]: WB  WT  UC- UC  WB  WT  UC- UC  
[    0.000000] e820: last_pfn = 0xdfff0 max_arch_pfn = 0x400000000
[    0.000000] found SMP MP-table at [mem 0x0009fff0-0x0009ffff] mapped at [ffff88000009fff0]
[    0.000000] Scanning 1 areas for low memory corruption
[    0.000000] RAMDISK: [mem 0x362f6000-0x37172fff]
[    0.000000] ACPI: Early table checksum verification disabled
[    0.000000] ACPI: RSDP 0x00000000000E0000 000024 (v02 VBOX  )
[    0.000000] ACPI: XSDT 0x00000000DFFF0030 00003C (v01 VBOX   VBOXXSDT 00000001 ASL  00000061)
[    0.000000] ACPI: FACP 0x00000000DFFF00F0 0000F4 (v04 VBOX   VBOXFACP 00000001 ASL  00000061)
[    0.000000] ACPI: DSDT 0x00000000DFFF0470 0022EA (v02 VBOX   VBOXBIOS 00000002 INTL 20100528)
[    0.000000] ACPI: FACS 0x00000000DFFF0200 000040
[    0.000000] ACPI: FACS 0x00000000DFFF0200 000040
[    0.000000] ACPI: APIC 0x00000000DFFF0240 000054 (v02 VBOX   VBOXAPIC 00000001 ASL  00000061)
[    0.000000] ACPI: SSDT 0x00000000DFFF02A0 0001CC (v01 VBOX   VBOXCPUT 00000002 INTL 20100528)
[    0.000000] No NUMA configuration found
[    0.000000] Faking a node at [mem 0x0000000000000000-0x000000011fffffff]
[    0.000000] NODE_DATA(0) allocated [mem 0x11fff7000-0x11fffbfff]
[    0.000000] kvm-clock: Using msrs 4b564d01 and 4b564d00
[    0.000000] kvm-clock: cpu 0, msr 1:1ffef001, primary cpu clock
[    0.000000] kvm-clock: using sched offset of 4516251217 cycles
[    0.000000] clocksource: kvm-clock: mask: 0xffffffffffffffff max_cycles: 0x1cd42e4dffb, max_idle_ns: 881590591483 ns
[    0.000000] Zone ranges:
[    0.000000]   DMA      [mem 0x0000000000001000-0x0000000000ffffff]
[    0.000000]   DMA32    [mem 0x0000000001000000-0x00000000ffffffff]
[    0.000000]   Normal   [mem 0x0000000100000000-0x000000011fffffff]
[    0.000000]   Device   empty
[    0.000000] Movable zone start for each node
[    0.000000] Early memory node ranges
[    0.000000]   node   0: [mem 0x0000000000001000-0x000000000009efff]
[    0.000000]   node   0: [mem 0x0000000000100000-0x00000000dffeffff]
[    0.000000]   node   0: [mem 0x0000000100000000-0x000000011fffffff]
[    0.000000] Initmem setup node 0 [mem 0x0000000000001000-0x000000011fffffff]
[    0.000000] ACPI: PM-Timer IO Port: 0x4008
[    0.000000] IOAPIC[0]: apic_id 1, version 32, address 0xfec00000, GSI 0-23
[    0.000000] ACPI: INT_SRC_OVR (bus 0 bus_irq 0 global_irq 2 dfl dfl)
[    0.000000] ACPI: INT_SRC_OVR (bus 0 bus_irq 9 global_irq 9 low level)
[    0.000000] Using ACPI (MADT) for SMP configuration information
[    0.000000] smpboot: Allowing 1 CPUs, 0 hotplug CPUs
[    0.000000] PM: Registered nosave memory: [mem 0x00000000-0x00000fff]
[    0.000000] PM: Registered nosave memory: [mem 0x0009f000-0x0009ffff]
[    0.000000] PM: Registered nosave memory: [mem 0x000a0000-0x000effff]
[    0.000000] PM: Registered nosave memory: [mem 0x000f0000-0x000fffff]
[    0.000000] PM: Registered nosave memory: [mem 0xdfff0000-0xdfffffff]
[    0.000000] PM: Registered nosave memory: [mem 0xe0000000-0xfebfffff]
[    0.000000] PM: Registered nosave memory: [mem 0xfec00000-0xfec00fff]
[    0.000000] PM: Registered nosave memory: [mem 0xfec01000-0xfedfffff]
[    0.000000] PM: Registered nosave memory: [mem 0xfee00000-0xfee00fff]
[    0.000000] PM: Registered nosave memory: [mem 0xfee01000-0xfffbffff]
[    0.000000] PM: Registered nosave memory: [mem 0xfffc0000-0xffffffff]
[    0.000000] e820: [mem 0xe0000000-0xfebfffff] available for PCI devices
[    0.000000] Booting paravirtualized kernel on KVM
[    0.000000] clocksource: refined-jiffies: mask: 0xffffffff max_cycles: 0xffffffff, max_idle_ns: 7645519600211568 ns
[    0.000000] setup_percpu: NR_CPUS:512 nr_cpumask_bits:512 nr_cpu_ids:1 nr_node_ids:1
[    0.000000] PERCPU: Embedded 34 pages/cpu @ffff88011fc00000 s99544 r8192 d31528 u2097152
[    0.000000] Built 1 zonelists in Node order, mobility grouping on.  Total pages: 1032056
[    0.000000] Policy zone: Normal
[    0.000000] Kernel command line: BOOT_IMAGE=/boot/vmlinuz-4.4.0-166-generic root=LABEL=cloudimg-rootfs ro console=tty1 console=ttyS0
[    0.000000] PID hash table entries: 4096 (order: 3, 32768 bytes)
[    0.000000] Memory: 4028360K/4193848K available (8623K kernel code, 1336K rwdata, 4036K rodata, 1488K init, 1288K bss, 165488K reserved, 0K cma-reserved)
[    0.000000] SLUB: HWalign=64, Order=0-3, MinObjects=0, CPUs=1, Nodes=1
[    0.000000] Kernel/User page tables isolation: enabled
[    0.000000] Hierarchical RCU implementation.
[    0.000000] 	Build-time adjustment of leaf fanout to 64.
[    0.000000] 	RCU restricting CPUs from NR_CPUS=512 to nr_cpu_ids=1.
[    0.000000] RCU: Adjusting geometry for rcu_fanout_leaf=64, nr_cpu_ids=1
[    0.000000] NR_IRQS:33024 nr_irqs:256 16
[    0.000000] Console: colour VGA+ 80x25
[    0.000000] console [tty1] enabled
[    0.000000] console [ttyS0] enabled
[    0.000000] tsc: Detected 2394.470 MHz processor
[    0.379058] Calibrating delay loop (skipped) preset value.. 4788.94 BogoMIPS (lpj=9577880)
[    0.380659] pid_max: default: 32768 minimum: 301
[    0.381540] ACPI: Core revision 20150930
[    0.383094] ACPI: 2 ACPI AML tables successfully acquired and loaded
[    0.384400] Security Framework initialized
[    0.385239] Yama: becoming mindful.
[    0.385959] AppArmor: AppArmor initialized
[    0.390833] Dentry cache hash table entries: 524288 (order: 10, 4194304 bytes)
[    0.400856] Inode-cache hash table entries: 262144 (order: 9, 2097152 bytes)
[    0.402410] Mount-cache hash table entries: 8192 (order: 4, 65536 bytes)
[    0.403620] Mountpoint-cache hash table entries: 8192 (order: 4, 65536 bytes)
[    0.408975] Initializing cgroup subsys io
[    0.409784] Initializing cgroup subsys memory
[    0.410633] Initializing cgroup subsys devices
[    0.411480] Initializing cgroup subsys freezer
[    0.412344] Initializing cgroup subsys net_cls
[    0.413191] Initializing cgroup subsys perf_event
[    0.414069] Initializing cgroup subsys net_prio
[    0.414961] Initializing cgroup subsys hugetlb
[    0.415817] Initializing cgroup subsys pids
[    0.417475] mce: CPU supports 0 MCE banks
[    0.418408] process: using mwait in idle threads
[    0.419277] Last level iTLB entries: 4KB 1024, 2MB 1024, 4MB 1024
[    0.420382] Last level dTLB entries: 4KB 1024, 2MB 1024, 4MB 1024, 1GB 4
[    0.421556] Spectre V1 : Mitigation: usercopy/swapgs barriers and __user pointer sanitization
[    0.423179] Spectre V2 : Mitigation: Full generic retpoline
[    0.424181] Spectre V2 : Spectre v2 / SpectreRSB mitigation: Filling RSB on context switch
[    0.425734] Speculative Store Bypass: Vulnerable
[    0.426668] MDS: Vulnerable: Clear CPU buffers attempted, no microcode
[    0.445240] Freeing SMP alternatives memory: 36K
[    0.451472] ftrace: allocating 32296 entries in 127 pages
[    0.503521] smpboot: APIC(0) Converting physical 0 to logical package 0
[    0.504799] smpboot: Max logical packages: 1
[    0.505819] x2apic enabled
[    0.506624] Switched APIC routing to physical x2apic.
[    0.508561] ..TIMER: vector=0x30 apic1=0 pin1=2 apic2=-1 pin2=-1
[    0.617729] smpboot: CPU0: Intel(R) Core(TM) i7-4700HQ CPU @ 2.40GHz (family: 0x6, model: 0x3c, stepping: 0x3)
[    0.619741] Performance Events: unsupported p6 CPU model 60 no PMU driver, software events only.
[    0.629360] KVM setup paravirtual spinlock
[    0.630719] x86: Booted up 1 node, 1 CPUs
[    0.631525] smpboot: Total of 1 processors activated (4788.94 BogoMIPS)
[    0.632907] devtmpfs: initialized
[    0.634980] evm: security.selinux
[    0.635679] evm: security.SMACK64
[    0.636370] evm: security.SMACK64EXEC
[    0.637167] evm: security.SMACK64TRANSMUTE
[    0.637984] evm: security.SMACK64MMAP
[    0.638718] evm: security.ima
[    0.639366] evm: security.capability
[    0.640188] clocksource: jiffies: mask: 0xffffffff max_cycles: 0xffffffff, max_idle_ns: 7645041785100000 ns
[    0.642005] futex hash table entries: 256 (order: 2, 16384 bytes)
[    0.643202] pinctrl core: initialized pinctrl subsystem
[    0.644291] RTC time: 20:03:53, date: 02/29/20
[    0.645233] NET: Registered protocol family 16
[    0.646223] cpuidle: using governor ladder
[    0.647093] cpuidle: using governor menu
[    0.647868] PCCT header not found.
[    0.648633] ACPI: bus type PCI registered
[    0.649417] acpiphp: ACPI Hot Plug PCI Controller Driver version: 0.5
[    0.650674] PCI: Using configuration type 1 for base access
[    0.656631] ACPI: Added _OSI(Module Device)
[    0.657465] ACPI: Added _OSI(Processor Device)
[    0.658322] ACPI: Added _OSI(3.0 _SCP Extensions)
[    0.659225] ACPI: Added _OSI(Processor Aggregator Device)
[    0.660716] ACPI: Executed 1 blocks of module-level executable AML code
[    0.663580] ACPI: Interpreter enabled
[    0.664335] ACPI: (supports S0 S5)
[    0.665072] ACPI: Using IOAPIC for interrupt routing
[    0.666245] PCI: Using host bridge windows from ACPI; if necessary, use "pci=nocrs" and report a bug
[    0.670789] ACPI: PCI Root Bridge [PCI0] (domain 0000 [bus 00-ff])
[    0.671893] acpi PNP0A03:00: _OSC: OS supports [ASPM ClockPM Segments MSI]
[    0.673369] acpi PNP0A03:00: _OSC: not requesting OS control; OS requires [ExtendedConfig ASPM ClockPM MSI]
[    0.675203] acpi PNP0A03:00: fail to add MMCONFIG information, can't access extended PCI configuration space under this bridge.
[    0.677564] PCI host bridge to bus 0000:00
[    0.678410] pci_bus 0000:00: root bus resource [io  0x0000-0x0cf7 window]
[    0.687285] pci_bus 0000:00: root bus resource [io  0x0d00-0xffff window]
[    0.688484] pci_bus 0000:00: root bus resource [mem 0x000a0000-0x000bffff window]
[    0.689946] pci_bus 0000:00: root bus resource [mem 0xe0000000-0xfdffffff window]
[    0.691377] pci_bus 0000:00: root bus resource [bus 00-ff]
[    0.693899] pci 0000:00:01.1: legacy IDE quirk: reg 0x10: [io  0x01f0-0x01f7]
[    0.695136] pci 0000:00:01.1: legacy IDE quirk: reg 0x14: [io  0x03f6]
[    0.696283] pci 0000:00:01.1: legacy IDE quirk: reg 0x18: [io  0x0170-0x0177]
[    0.697661] pci 0000:00:01.1: legacy IDE quirk: reg 0x1c: [io  0x0376]
[    0.765483] pci 0000:00:07.0: quirk: [io  0x4000-0x403f] claimed by PIIX4 ACPI
[    0.766940] pci 0000:00:07.0: quirk: [io  0x4100-0x410f] claimed by PIIX4 SMB
[    0.790714] ACPI: PCI Interrupt Link [LNKA] (IRQs 5 9 10 *11)
[    0.792374] ACPI: PCI Interrupt Link [LNKB] (IRQs 5 9 *10 11)
[    0.793964] ACPI: PCI Interrupt Link [LNKC] (IRQs 5 *9 10 11)
[    0.795539] ACPI: PCI Interrupt Link [LNKD] (IRQs 5 9 10 *11)
[    0.797107] ACPI: Enabled 2 GPEs in block 00 to 07
[    0.798276] vgaarb: setting as boot device: PCI:0000:00:02.0
[    0.799310] vgaarb: device added: PCI:0000:00:02.0,decodes=io+mem,owns=io+mem,locks=none
[    0.800896] vgaarb: loaded
[    0.801511] vgaarb: bridge control possible 0000:00:02.0
[    0.802703] SCSI subsystem initialized
[    0.803521] ACPI: bus type USB registered
[    0.804363] usbcore: registered new interface driver usbfs
[    0.805401] usbcore: registered new interface driver hub
[    0.806467] usbcore: registered new device driver usb
[    0.807497] PCI: Using ACPI for IRQ routing
[    0.808544] NetLabel: Initializing
[    0.809340] NetLabel:  domain hash size = 128
[    0.810220] NetLabel:  protocols = UNLABELED CIPSOv4
[    0.811160] NetLabel:  unlabeled traffic allowed by default
[    0.812248] amd_nb: Cannot enumerate AMD northbridges
[    0.817169] clocksource: Switched to clocksource kvm-clock
[    0.830092] AppArmor: AppArmor Filesystem Enabled
[    0.831117] pnp: PnP ACPI init
[    0.832429] pnp: PnP ACPI: found 3 devices
[    0.838575] clocksource: acpi_pm: mask: 0xffffff max_cycles: 0xffffff, max_idle_ns: 2085701024 ns
[    0.840319] NET: Registered protocol family 2
[    0.841259] TCP established hash table entries: 32768 (order: 6, 262144 bytes)
[    0.842738] TCP bind hash table entries: 32768 (order: 7, 524288 bytes)
[    0.847821] TCP: Hash tables configured (established 32768 bind 32768)
[    0.849158] UDP hash table entries: 2048 (order: 4, 65536 bytes)
[    0.850312] UDP-Lite hash table entries: 2048 (order: 4, 65536 bytes)
[    0.851491] NET: Registered protocol family 1
[    0.852343] pci 0000:00:00.0: Limiting direct PCI/PCI transfers
[    0.853498] pci 0000:00:01.0: Activating ISA DMA hang workarounds
[    0.854693] Unpacking initramfs...
[    1.100301] Freeing initrd memory: 14836K
[    1.101157] PCI-DMA: Using software bounce buffering for IO (SWIOTLB)
[    1.102378] software IO TLB: mapped [mem 0xdbff0000-0xdfff0000] (64MB)
[    1.103601] RAPL PMU detected, API unit is 2^-32 Joules, 4 fixed counters 10737418240 ms ovfl timer
[    1.105295] hw unit of domain pp0-core 2^-0 Joules
[    1.106240] hw unit of domain package 2^-0 Joules
[    1.107136] hw unit of domain dram 2^-0 Joules
[    1.107981] hw unit of domain pp1-gpu 2^-0 Joules
[    1.108898] clocksource: tsc: mask: 0xffffffffffffffff max_cycles: 0x2283cf97dff, max_idle_ns: 440795279817 ns
[    1.110814] platform rtc_cmos: registered platform RTC device (no PNP device found)
[    1.112339] Scanning for low memory corruption every 60 seconds
[    1.113646] audit: initializing netlink subsys (disabled)
[    1.114667] audit: type=2000 audit(1583006640.015:1): initialized
[    1.116010] Initialise system trusted keyring
[    1.116965] HugeTLB registered 2 MB page size, pre-allocated 0 pages
[    1.119098] zbud: loaded
[    1.119989] VFS: Disk quotas dquot_6.6.0
[    1.120788] VFS: Dquot-cache hash table entries: 512 (order 0, 4096 bytes)
[    1.122280] squashfs: version 4.0 (2009/01/31) Phillip Lougher
[    1.123480] fuse init (API version 7.23)
[    1.124361] Key type big_key registered
[    1.125148] Allocating IMA MOK and blacklist keyrings.
[    1.126321] Key type asymmetric registered
[    1.127173] Asymmetric key parser 'x509' registered
[    1.128135] Block layer SCSI generic (bsg) driver version 0.4 loaded (major 249)
[    1.129577] io scheduler noop registered
[    1.130381] io scheduler deadline registered (default)
[    1.131380] io scheduler cfq registered
[    1.132212] pci_hotplug: PCI Hot Plug PCI Core version: 0.5
[    1.133247] pciehp: PCI Express Hot Plug Controller Driver version: 0.4
[    1.134517] ACPI: AC Adapter [AC] (on-line)
[    1.135379] input: Power Button as /devices/LNXSYSTM:00/LNXPWRBN:00/input/input0
[    1.136808] ACPI: Power Button [PWRF]
[    1.137725] input: Sleep Button as /devices/LNXSYSTM:00/LNXSLPBN:00/input/input1
[    1.139185] ACPI: Sleep Button [SLPF]
[    1.140499] ACPI: Battery Slot [BAT0] (battery present)
[    1.141492] GHES: HEST is not enabled!
[    1.142381] Serial: 8250/16550 driver, 32 ports, IRQ sharing enabled
[    1.163947] 00:02: ttyS0 at I/O 0x3f8 (irq = 4, base_baud = 115200) is a 16550A
[    1.170741] Linux agpgart interface v0.103
[    1.172379] loop: module loaded
[    1.173453] scsi host0: ata_piix
[    1.174188] scsi host1: ata_piix
[    1.174897] ata1: PATA max UDMA/33 cmd 0x1f0 ctl 0x3f6 bmdma 0xd000 irq 14
[    1.176093] ata2: PATA max UDMA/33 cmd 0x170 ctl 0x376 bmdma 0xd008 irq 15
[    1.177886] libphy: Fixed MDIO Bus: probed
[    1.178700] tun: Universal TUN/TAP device driver, 1.6
[    1.179637] tun: (C) 1999-2004 Max Krasnyansky <maxk@qualcomm.com>
[    1.180790] PPP generic driver version 2.4.2
[    1.181714] ehci_hcd: USB 2.0 'Enhanced' Host Controller (EHCI) Driver
[    1.182912] ehci-pci: EHCI PCI platform driver
[    1.183781] ehci-platform: EHCI generic platform driver
[    1.184755] ohci_hcd: USB 1.1 'Open' Host Controller (OHCI) Driver
[    1.185927] ohci-pci: OHCI PCI platform driver
[    1.186791] ohci-platform: OHCI generic platform driver
[    1.187760] uhci_hcd: USB Universal Host Controller Interface driver
[    1.188933] i8042: PNP: PS/2 Controller [PNP0303:PS2K,PNP0f03:PS2M] at 0x60,0x64 irq 1,12
[    1.190905] serio: i8042 KBD port at 0x60,0x64 irq 1
[    1.191889] serio: i8042 AUX port at 0x60,0x64 irq 12
[    1.192901] mousedev: PS/2 mouse device common for all mice
[    1.194168] input: AT Translated Set 2 keyboard as /devices/platform/i8042/serio0/input/input2
[    1.196061] rtc_cmos rtc_cmos: rtc core: registered rtc_cmos as rtc0
[    1.197242] rtc_cmos rtc_cmos: alarms up to one day, 114 bytes nvram
[    1.198368] i2c /dev entries driver
[    1.199128] device-mapper: uevent: version 1.0.3
[    1.200060] device-mapper: ioctl: 4.34.0-ioctl (2015-10-28) initialised: dm-devel@redhat.com
[    1.201717] ledtrig-cpu: registered to indicate activity on CPUs
[    1.203020] NET: Registered protocol family 10
[    1.204036] NET: Registered protocol family 17
[    1.204902] Key type dns_resolver registered
[    1.209880] registered taskstats version 1
[    1.210764] Loading compiled-in X.509 certificates
[    1.212276] Loaded X.509 cert 'Build time autogenerated kernel key: 75bc1b51278a37d3abb49bab6b1b0161a6cc9ec0'
[    1.214151] zswap: loaded using pool lzo/zbud
[    1.216096] Key type trusted registered
[    1.218639] Key type encrypted registered
[    1.219450] AppArmor: AppArmor sha1 policy hashing enabled
[    1.220451] ima: No TPM chip found, activating TPM-bypass!
[    1.221447] ima: Allocated hash algorithm: sha1
[    1.222340] evm: HMAC attrs: 0x1
[    1.223278]   Magic number: 8:789:94
[    1.224168] rtc_cmos rtc_cmos: setting system clock to 2020-02-29 20:03:53 UTC (1583006633)
[    1.225896] BIOS EDD facility v0.16 2004-Jun-25, 0 devices found
[    1.226964] EDD information not available.
[    1.334554] Freeing unused kernel memory: 1488K
[    1.335911] Write protecting the kernel read-only data: 14336k
[    1.337954] Freeing unused kernel memory: 1604K
[    1.339442] Freeing unused kernel memory: 60K
Loading, please wait...
starting version 229
[    1.352792] random: udevadm: uninitialized urandom read (16 bytes read, 2 bits of entropy available)
[    1.354899] random: systemd-udevd: uninitialized urandom read (16 bytes read, 2 bits of entropy available)
[    1.356771] random: systemd-udevd: uninitialized urandom read (16 bytes read, 2 bits of entropy available)
[    1.358739] random: systemd-udevd: uninitialized urandom read (16 bytes read, 2 bits of entropy available)
[    1.360527] random: systemd-udevd: uninitialized urandom read (16 bytes read, 2 bits of entropy available)
[    1.362376] random: udevadm: uninitialized urandom read (16 bytes read, 2 bits of entropy available)
[    1.370294] random: systemd-udevd: uninitialized urandom read (16 bytes read, 2 bits of entropy available)
[    1.372274] random: systemd-udevd: uninitialized urandom read (16 bytes read, 2 bits of entropy available)
[    1.375475] random: systemd-udevd: uninitialized urandom read (16 bytes read, 2 bits of entropy available)
[    1.377592] random: systemd-udevd: uninitialized urandom read (16 bytes read, 2 bits of entropy available)
[    1.429217] e1000: Intel(R) PRO/1000 Network Driver - version 7.3.21-k8-NAPI
[    1.430324] e1000: Copyright (c) 1999-2006 Intel Corporation.
[    1.433499] Fusion MPT base driver 3.04.20
[    1.434236] Copyright (c) 1999-2008 LSI Corporation
[    1.450133] Fusion MPT SPI Host driver 3.04.20
[    1.467392] AVX2 version of gcm_enc/dec engaged.
[    1.468302] AES CTR mode by8 optimization enabled
[    1.649902] input: ImExPS/2 Generic Explorer Mouse as /devices/platform/i8042/serio1/input/input4
[    1.812769] e1000 0000:00:03.0 eth0: (PCI:33MHz:32-bit) 02:95:cf:22:ea:76
[    1.814030] e1000 0000:00:03.0 eth0: Intel(R) PRO/1000 Network Connection
[    1.816337] e1000 0000:00:03.0 enp0s3: renamed from eth0
[    1.818231] mptbase: ioc0: Initiating bringup
[    1.881925] ioc0: LSI53C1030 A0: Capabilities={Initiator}
[    2.049865] scsi host2: ioc0: LSI53C1030 A0, FwRev=00000000h, Ports=1, MaxQ=256, IRQ=20
[    2.167090] scsi 2:0:0:0: Direct-Access     VBOX     HARDDISK         1.0  PQ: 0 ANSI: 5
[    2.173347] scsi target2:0:0: Beginning Domain Validation
[    2.181582] scsi target2:0:0: Domain Validation skipping write tests
[    2.186110] scsi target2:0:0: Ending Domain Validation
[    2.190173] scsi target2:0:0: asynchronous
[    2.192795] scsi 2:0:1:0: Direct-Access     VBOX     HARDDISK         1.0  PQ: 0 ANSI: 5
[    2.195584] scsi target2:0:1: Beginning Domain Validation
[    2.199740] scsi target2:0:1: Domain Validation skipping write tests
[    2.201770] scsi target2:0:1: Ending Domain Validation
[    2.203549] scsi target2:0:1: asynchronous
[    2.211019] sd 2:0:0:0: Attached scsi generic sg0 type 0
[    2.212853] sd 2:0:0:0: [sda] 20971520 512-byte logical blocks: (10.7 GB/10.0 GiB)
[    2.216286] sd 2:0:1:0: [sdb] 20480 512-byte logical blocks: (10.5 MB/10.0 MiB)
[    2.219044] sd 2:0:1:0: Attached scsi generic sg1 type 0
[    2.221074] sd 2:0:1:0: [sdb] Write Protect is off
[    2.222269] sd 2:0:0:0: [sda] Write Protect is off
[    2.223439] sd 2:0:0:0: [sda] Incomplete mode parameter data
[    2.224530] sd 2:0:0:0: [sda] Assuming drive cache: write through
[    2.225719] sd 2:0:1:0: [sdb] Incomplete mode parameter data
[    2.226783] sd 2:0:1:0: [sdb] Assuming drive cache: write through
[    2.239682]  sda: sda1
[    2.241267] sd 2:0:0:0: [sda] Attached SCSI disk
[    2.263825] sd 2:0:1:0: [sdb] Attached SCSI disk
Begin: Loading essential drivers ... [    4.166170] md: linear personality registered for level -1
[    4.169247] md: multipath personality registered for level -4
[    4.172395] md: raid0 personality registered for level 0
[    4.176169] md: raid1 personality registered for level 1
[    4.245589] raid6: sse2x1   gen() 10514 MB/s
[    4.313427] raid6: sse2x1   xor()  8160 MB/s
[    4.381276] raid6: sse2x2   gen() 12889 MB/s
[    4.449276] raid6: sse2x2   xor()  8648 MB/s
[    4.517512] raid6: sse2x4   gen() 14809 MB/s
[    4.585355] raid6: sse2x4   xor() 10543 MB/s
[    4.653216] raid6: avx2x1   gen() 19773 MB/s
[    4.721558] raid6: avx2x2   gen() 23241 MB/s
[    4.789177] raid6: avx2x4   gen() 26465 MB/s
[    4.789992] raid6: using algorithm avx2x4 gen() 26465 MB/s
[    4.791004] raid6: using avx2x2 recovery algorithm
[    4.793575] xor: automatically using best checksumming function:
[    4.833177]    avx       : 29909.000 MB/sec
[    4.835254] async_tx: api initialized (async)
[    4.845926] md: raid6 personality registered for level 6
[    4.846914] md: raid5 personality registered for level 5
[    4.847917] md: raid4 personality registered for level 4
[    4.853505] md: raid10 personality registered for level 10
done.
Begin: Running /scripts/init-premount ... done.
Begin: Mounting root file system ... Begin: Running /scripts/local-top ... done.
Begin: Running /scripts/local-premount ... [    4.881634] Btrfs loaded
Scanning for Btrfs filesystems
done.
Warning: fsck not present, so skipping root file system
[    4.955508] EXT4-fs (sda1): mounted filesystem with ordered data mode. Opts: (null)
done.
Begin: Running /scripts/local-bottom ... done.
Begin: Running /scripts/init-bottom ... done.
[    6.017925] random: nonblocking pool is initialized
[    6.723152] systemd[1]: systemd 229 running in system mode. (+PAM +AUDIT +SELINUX +IMA +APPARMOR +SMACK +SYSVINIT +UTMP +LIBCRYPTSETUP +GCRYPT +GNUTLS +ACL +XZ -LZ4 +SECCOMP +BLKID +ELFUTILS +KMOD -IDN)
[    6.735973] systemd[1]: Detected virtualization oracle.
[    6.739970] systemd[1]: Detected architecture x86-64.

Welcome to [1mUbuntu 16.04.6 LTS[0m!

[    6.805111] systemd[1]: Set hostname to <ubuntu>.
[    6.891145] systemd[1]: Initializing machine ID from random generator.
[    6.896133] systemd[1]: Installed transient /etc/machine-id file.
[    8.522401] systemd[1]: Listening on udev Kernel Socket.
[[0;32m  OK  [0m] Listening on udev Kernel Socket.
[    8.524274] systemd[1]: Listening on Device-mapper event daemon FIFOs.
[[0;32m  OK  [0m] Listening on Device-mapper event daemon FIFOs.
[    8.526212] systemd[1]: Created slice User and Session Slice.
[[0;32m  OK  [0m] Created slice User and Session Slice.
[    8.527862] systemd[1]: Set up automount Arbitrary Executable File Formats File System Automount Point.
[[0;32m  OK  [0m] Set up automount Arbitrary Executab...ats File System Automount Point.
[    8.530397] systemd[1]: Reached target User and Group Name Lookups.
[[0;32m  OK  [0m] Reached target User and Group Name Lookups.
[    8.532116] systemd[1]: Reached target Swap.
[[0;32m  OK  [0m] Reached target Swap.
[    8.533510] systemd[1]: Listening on Journal Socket (/dev/log).
[[0;32m  OK  [0m] Listening on Journal Socket (/dev/log).
[    8.535279] systemd[1]: Created slice System Slice.
[[0;32m  OK  [0m] Created slice System Slice.
[    8.536806] systemd[1]: Created slice system-serial\x2dgetty.slice.
[[0;32m  OK  [0m] Created slice system-serial\x2dgetty.slice.
[    8.538464] systemd[1]: Reached target Slices.
[[0;32m  OK  [0m] Reached target Slices.
[    8.539762] systemd[1]: Listening on Syslog Socket.
[[0;32m  OK  [0m] Listening on Syslog Socket.
[    8.541251] systemd[1]: Listening on udev Control Socket.
[[0;32m  OK  [0m] Listening on udev Control Socket.
[    8.542745] systemd[1]: Reached target Encrypted Volumes.
[[0;32m  OK  [0m] Reached target Encrypted Volumes.
[    8.544233] systemd[1]: Listening on LVM2 poll daemon socket.
[[0;32m  OK  [0m] Listening on LVM2 poll daemon socket.
[    8.545790] systemd[1]: Listening on LVM2 metadata daemon socket.
[[0;32m  OK  [0m] Listening on LVM2 metadata daemon socket.
[    8.547427] systemd[1]: Started Forward Password Requests to Wall Directory Watch.
[[0;32m  OK  [0m] Started Forward Password Requests to Wall Directory Watch.
[    8.549591] systemd[1]: Listening on Journal Audit Socket.
[[0;32m  OK  [0m] Listening on Journal Audit Socket.
[    8.551172] systemd[1]: Started Trigger resolvconf update for networkd DNS.
[[0;32m  OK  [0m] Started Trigger resolvconf update for networkd DNS.
[    8.553022] systemd[1]: Listening on Journal Socket.
[[0;32m  OK  [0m] Listening on Journal Socket.
[    8.561872] systemd[1]: Starting Nameserver information manager...
         Starting Nameserver information manager...
[    8.634735] systemd[1]: Starting Load Kernel Modules...
         Starting Load Kernel Modules...
[    8.653008] systemd[1]: Starting Monitoring of LVM2 mirrors, snapshots etc. using dmeventd or progress polling...
         Starting Monitoring of LVM2 mirrors... dmeventd or progress polling...
[    8.670673] systemd[1]: Starting Create list of required static device nodes for the current kernel...
         Starting Create list of required st... nodes for the current kernel...
[    8.684306] systemd[1]: Mounting POSIX Message Queue File System...
         Mounting POSIX Message Queue File System...
[    8.694355] systemd[1]: Starting Uncomplicated firewall...
         Starting Uncomplicated firewall...
[    8.702386] systemd[1]: Mounting Huge Pages File System...
         Mounting Huge Pages File System...
[    8.710744] systemd[1]: Starting Remount Root and Kernel File Systems...
         Starting Remount Root and Kernel File Systems...
[    8.722501] systemd[1]: Starting Journal Service...
         Starting Journal Service...
[    8.730279] systemd[1]: Starting Set console keymap...
         Starting Set console keymap...
[    8.732374] systemd[1]: Listening on /dev/initctl Compatibility Named Pipe.
[[0;32m  OK  [0m] Listening on /dev/initctl Compatibility Named Pipe.
[    8.735365] systemd[1]: Mounting Debug File System...
         Mounting Debug File System...
[    8.891727] systemd[1]: Reached target System Time Synchronized.
[[0;32m  OK  [0m] Reached target System Time Synchronized.
[    8.897826] systemd[1]: Mounted POSIX Message Queue File System.
[[0;32m  OK  [0m] Mounted POSIX Message Queue File System.
[    8.900889] systemd[1]: Mounted Huge Pages File System.
[[0;32m  OK  [0m] Mounted Huge Pages File System.
[    8.904912] systemd[1]: Mounted Debug File System.
[[0;32m  OK  [0m] Mounted Debug File System.
[    8.916910] EXT4-fs (sda1): re-mounted. Opts: (null)
[    8.919694] systemd[1]: Started Remount Root and Kernel File Systems.
[[0;32m  OK  [0m] Started Remount Root and Kernel File Systems.
[    8.945213] systemd[1]: Starting Load/Save Random Seed...
         Starting Load/Save Random Seed...
[    9.040325] systemd[1]: Starting udev Coldplug all Devices...
         Starting udev Coldplug all Devices...
[    9.056424] systemd[1]: Started Uncomplicated firewall.
[[0;32m  OK  [0m] Started Uncomplicated firewall.
[    9.061970] systemd[1]: Started Nameserver information manager.
[[0;32m  OK  [0m] Started Nameserver information manager.
[    9.107577] systemd[1]: Started Create list of required static device nodes for the current kernel.
[[0;32m  OK  [0m] Started Create list of required sta...ce nodes for the current kernel.
[    9.114666] Loading iSCSI transport class v2.0-870.
[    9.116074] systemd[1]: Starting Create Static Device Nodes in /dev...
         Starting Create Static Device Nodes in /dev...
[    9.210244] systemd[1]: Started Set console keymap.
[[0;32m  OK  [0m] Started Set console keymap.
[    9.313230] iscsi: registered transport (tcp)
[    9.388483] systemd[1]: Started Load/Save Random Seed.
[[0;32m  OK  [0m] Started Load/Save Random Seed.
[    9.555397] systemd[1]: Started LVM2 metadata daemon.
[[0;32m  OK  [0m] Started LVM2 metadata daemon.
[    9.580602] systemd[1]: Started udev Coldplug all Devices.
[[0;32m  OK  [0m] Started udev Coldplug all Devices.
[    9.722135] systemd[1]: Started Journal Service.
[[0;32m  OK  [0m] Started Journal Service.
         Starting Flush Journal to Persistent Storage...
[   9.816531] iscsi: registered transport (iser)
[[0;32m  OK  [0m] Started Load Kernel Modules.
         Starting Apply Kernel Variables...
         Mounting FUSE Control File System...
[[0;32m  OK  [0m] Mounted FUSE Control File System.
[    9.874308] systemd-journald[396]: Received request to flush runtime journal from PID 1
[[0;32m  OK  [0m] Started Flush Journal to Persistent Storage.
[[0;32m  OK  [0m] Started Monitoring of LVM2 mirrors,...ng dmeventd or progress polling.
[[0;32m  OK  [0m] Started Apply Kernel Variables.
[[0;32m  OK  [0m] Started Create Static Device Nodes in /dev.
[[0;32m  OK  [0m] Reached target Local File Systems (Pre).
[[0;32m  OK  [0m] Reached target Local File Systems.
         Starting Initial cloud-init job (pre-networking)...
         Starting Commit a transient machine-id on disk...
         Starting Tell Plymouth To Write Out Runtime Data...
         Starting LSB: AppArmor initialization...
         Starting Set console font and keymap...
         Starting Create Volatile Files and Directories...
         Starting udev Kernel Device Manager...
[[0;32m  OK  [0m] Started Commit a transient machine-id on disk.
[[0;32m  OK  [0m] Started Tell Plymouth To Write Out Runtime Data.
[[0;32m  OK  [0m] Started Create Volatile Files and Directories.
         Starting Update UTMP about System Boot/Shutdown...
[[0;32m  OK  [0m] Started Update UTMP about System Boot/Shutdown.
[[0;32m  OK  [0m] Started Set console font and keymap.
[[0;32m  OK  [0m] Created slice system-getty.slice.
[[0;32m  OK  [0m] Started udev Kernel Device Manager.
[[0;32m  OK  [0m] Started Dispatch Password Requests to Console Directory Watch.
[[0;32m  OK  [0m] Found device /dev/ttyS0.
[[0;32m  OK  [0m] Listening on Load/Save RF Kill Switch Status /dev/rfkill Watch.
[[0;32m  OK  [0m] Started LSB: AppArmor initialization.
[   16.175765] cloud-init[474]: Cloud-init v. 19.2-36-g059d049c-0ubuntu2~16.04.1 running 'init-local' at Sat, 29 Feb 2020 20:04:08 +0000. Up 15.67 seconds.
[[0;32m  OK  [0m] Started Initial cloud-init job (pre-networking).
[[0;32m  OK  [0m] Reached target Network (Pre).
         Starting Raise network interfaces...
[[0;32m  OK  [0m] Started Raise network interfaces.
[[0;32m  OK  [0m] Reached target Network.
         Starting Initial cloud-init job (metadata service crawler)...
[   20.127882] cloud-init[975]: Cloud-init v. 19.2-36-g059d049c-0ubuntu2~16.04.1 running 'init' at Sat, 29 Feb 2020 20:04:09 +0000. Up 16.88 seconds.
[   20.136407] cloud-init[975]: ci-info: ++++++++++++++++++++++++++++++++++++++Net device info++++++++++++++++++++++++++++++++++++++
[   20.137272] cloud-init[975]: ci-info: +--------+------+----------------------------+---------------+--------+-------------------+
[   20.138126] cloud-init[975]: ci-info: | Device |  Up  |          Address           |      Mask     | Scope  |     Hw-Address    |
[   20.140233] cloud-init[975]: ci-info: +--------+------+----------------------------+---------------+--------+-------------------+
[   20.148690] cloud-init[975]: ci-info: | enp0s3 | True |         10.0.2.15          | 255.255.255.0 | global | 02:95:cf:22:ea:76 |
[   20.149873] cloud-init[975]: ci-info: | enp0s3 | True | fe80::95:cfff:fe22:ea76/64 |       .       |  link  | 02:95:cf:22:ea:76 |
[   20.151025] cloud-init[975]: ci-info: |   lo   | True |         127.0.0.1          |   255.0.0.0   |  host  |         .         |
[   20.155560] cloud-init[975]: ci-info: |   lo   | True |          ::1/128           |       .       |  host  |         .         |
[   20.160302] cloud-init[975]: ci-info: +--------+------+----------------------------+---------------+--------+-------------------+
[   20.161165] cloud-init[975]: ci-info: +++++++++++++++++++++++++++Route IPv4 info++++++++++++++++++++++++++++
[   20.161950] cloud-init[975]: ci-info: +-------+-------------+----------+---------------+-----------+-------+
[   20.162764] cloud-init[975]: ci-info: | Route | Destination | Gateway  |    Genmask    | Interface | Flags |
[   20.168606] cloud-init[975]: ci-info: +-------+-------------+----------+---------------+-----------+-------+
[   20.169680] cloud-init[975]: ci-info: |   0   |   0.0.0.0   | 10.0.2.2 |    0.0.0.0    |   enp0s3  |   UG  |
[   20.170840] cloud-init[975]: ci-info: |   1   |   10.0.2.0  | 0.0.0.0  | 255.255.255.0 |   enp0s3  |   U   |
[   20.172334] cloud-init[975]: ci-info: +-------+-------------+----------+---------------+-----------+-------+
[   20.176318] cloud-init[975]: ci-info: +++++++++++++++++++Route IPv6 info+++++++++++++++++++
[   20.177467] cloud-init[975]: ci-info: +-------+-------------+---------+-----------+-------+
[   20.180178] cloud-init[975]: ci-info: | Route | Destination | Gateway | Interface | Flags |
[   20.184598] cloud-init[975]: ci-info: +-------+-------------+---------+-----------+-------+
[   20.192947] cloud-init[975]: ci-info: |   0   |  fe80::/64  |    ::   |   enp0s3  |   U   |
[[0;32m  OK  [0m] Started Initial cloud-init job (metadata service crawler).
[[0;32m  OK  [0m] Reached target Network is Online.
         Starting iSCSI initiator daemon (iscsid)...
[[0;32m  OK  [0m] Reached target System Initialization.
[   20.197849] cloud-init[975]: ci-info: |   3   |   ff00::/8  |    ::   |   enp0s3  |   U   |
[   20.206447] cloud-init[975]: ci-info: +-------+-------------+---------+-----------+-------+
[   20.207561] cloud-init[975]: [[0;32m  OK  [0m] Started Daily Cleanup of Temporary Directories.
Generating public/private rsa key pair.
[   20.209387] cloud-init[975]: Your identification has been saved in /etc/ssh/ssh_host_rsa_key.
[   20.210508] cloud-init[975]: Your public key has been saved in /etc/ssh/ssh_host_rsa_key.pub.
[   20.211645] cloud-init[975]: The key fingerprint is:
[   20.212515] cloud-init[975]: SHA256:owCZULJ0zkuqwqbYb/scg4KftIWPv05wStfYBMcteYU root@ubuntu-xenial
[   20.213681] cloud-init[975]: The key's randomart image is:
[   20.214558] cloud-init[975]: +---[RSA 2048]----+
[   20.215333] cloud-init[975]: |oo.....o o.      |
[   20.216164] cloud-init[975]: |.++o o+ E        |
[   20.216948] cloud-init[975]: |. ++  .o         |
[   20.217722] cloud-init[975]: |  o..=           |
[   20.218509] cloud-init[975]: | .o.= o S        |
[   20.219050] cloud-init[975]: |oo * o . .       |
[   20.219919] cloud-init[975]: |+o= + +          |
[   20.220858] cloud-init[975]: |=+ O.. o         |
[   20.221758] cloud-init[975]: |o *=B+o          |
[   20.222369] cloud-init[975]: +----[SHA256]-----+
[   20.223400] cloud-init[975]: Generating public/private dsa key pair.
[   20.224408] cloud-init[975]: Your identification has been saved in /etc/ssh/ssh_host_dsa_key.
[   20.225269] cloud-init[975]: Your public key has been saved in /etc/ssh/ssh_host_dsa_key.pub.
[   20.226393] cloud-init[975]: The key fingerprint is:
[   20.227236] cloud-init[975]: SHA256:FWKdzYgQecQsrfjQMXKNzvrAHkF29YmGRGiPm5qnL3U root@ubuntu-xenial
[   20.228633] cloud-init[975]: The key's randomart image is:
[   20.229526] cloud-init[975]: +---[DSA 1024]----+
[   20.230358] cloud-init[975]: |     o=%=o.=     |
[   20.231776] cloud-init[975]: |    *.OoB++oo    |
[   20.233903] cloud-init[975]: |   + @.*o +      |
[   20.235016] cloud-init[975]: |    = *. .       |
[   20.240287] cloud-init[975]: |   . B  S        |
[   20.240914] cloud-init[975]: |    O E          |
[   20.241408] cloud-init[975]: |   = =           |
         Starting LXD - unix socket.
[[0;32m  OK  [0m] Listening on D-Bus System Message Bus Socket.
[   20.246805] cloud-init[975]: |  + o .          |
[   20.260745] cloud-init[975]: |  .=.            |
[   20.261308] cloud-init[975]: +----[SHA256]-----+
[[0;32m  OK  [0m] Started Message of the Day.
[   20.262847] cloud-init[975]: Generating public/private ecdsa key pair.
[[0;32m  OK  [0m] Listening on UUID daemon activation socket.
[   20.264768] cloud-init[975]: Your identification has been saved in /etc/ssh/ssh_host_ecdsa_key.
[[0;32m  OK  [0m] Started Daily apt download activities.
[   20.266857] cloud-init[975]: Your public key has been saved in /etc/ssh/ssh_host_ecdsa_key.pub.
[[0;32m  OK  [0m] Started Daily apt upgrade and clean activities.
[[0;32m  OK  [0m] Reached target Timers.
[   20.269732] cloud-init[975]: The key fingerprint is:
[[0;32m  OK  [0m] Listening on ACPID Listen Socket.
[   20.271414] cloud-init[975]: SHA256:OAENOA1A3kCkus1ZKc6s52dqoKFbsK20Lj9iiGSiSFk root@ubuntu-xenial         Starting Socket activation for snappy daemon.

[   20.274590] cloud-init[975]: The key's randomart image is:
[   20.276258] cloud-init[975]: +---[ECDSA 256]---+
[   20.277042] cloud-init[975]: |=*.+oo           |
[   20.277815] cloud-init[975]: |o = ...          |
[   20.278607] cloud-init[975]: |.. o  .          |
[   20.279400] cloud-init[975]: |.  E . o         |
[   20.280193] cloud-init[975]: |o + o o S        |
[   20.280965] cloud-init[975]: |+/ +   .         |
[   20.281740] cloud-init[975]: |#+X              |
[   20.282511] cloud-init[975]: |@== o            |
[   20.283300] cloud-init[975]: |BX+=             |
[   20.284121] cloud-init[975]: +----[SHA256]-----+
[   20.284891] cloud-init[975]: Generating public/private ed25519 key pair.
[   20.285849] cloud-init[975]: Your identification has been saved in /etc/ssh/ssh_host_ed25519_key.
[   20.286992] cloud-init[975]: Your public key has been saved in /etc/ssh/ssh_host_ed25519_key.pub.
[   20.288210] cloud-init[975]: The key fingerprint is:
[   20.289044] cloud-init[975]: SHA256:VtJIzCXeLMFFyTdcAoj7qHplXv8jHMIVq/kXWes4YM8 root@ubuntu-xenial
[   20.290219] cloud-init[975]: The key's randomart image is:
[   20.291063] cloud-init[975]: +--[ED25519 256]--+
[   20.291861] cloud-init[975]: |       =+*=+...  |
[   20.292660] cloud-init[975]: |      .o=B+ +.   |
[   20.293436] cloud-init[975]: |       .= =+ .   |
[   20.294211] cloud-init[975]: |      .  +o   .  |
[   20.294981] cloud-init[975]: |       +S+   o . |
[   20.295762] cloud-init[975]: |      +.B + o .  |
[   20.296582] cloud-init[975]: |     = . * = +   |
[   20.297359] cloud-init[975]: |    o .   = E .  |
[   20.298281] cloud-init[975]: |  .o       +.o   |
[   20.299087] cloud-init[975]: +----[SHA256]-----+
[[0;32m  OK  [0m] Started ACPI Events Check.
[[0;32m  OK  [0m] Reached target Paths.
[[0;32m  OK  [0m] Reached target Cloud-config availability.
[[0;32m  OK  [0m] Listening on LXD - unix socket.
[[0;32m  OK  [0m] Listening on Socket activation for snappy daemon.
[[0;32m  OK  [0m] Reached target Sockets.
[[0;32m  OK  [0m] Reached target Basic System.
         Starting System Logging Service...
[[0;32m  OK  [0m] Started Deferred execution scheduler.
         Starting Accounts Service...
         Starting Virtualbox guest utils...
[[0;32m  OK  [0m] Started D-Bus System Message Bus.
[[0;32m  OK  [0m] Started Regular background program processing daemon.
[[0;32m  OK  [0m] Started ACPI event daemon.
         Starting LSB: MD monitoring daemon...
         Starting LXD - container startup/shutdown...
         Starting /etc/rc.local Compatibility...
         Starting Login Service...
[[0;32m  OK  [0m] Started FUSE filesystem for LXC.
         Starting LSB: Record successful boot for GRUB...
         Starting Pollinate to seed the pseudo random number generator...
         Starting Snappy daemon...
[[0;32m  OK  [0m] Started System Logging Service.
[[0;32m  OK  [0m] Started /etc/rc.local Compatibility.
         Starting Authenticate and Authorize Users to Run Privileged Tasks...
[[0;32m  OK  [0m] Started Login Service.
[[0;32m  OK  [0m] Started Unattended Upgrades Shutdown.
[[0;32m  OK  [0m] Started iSCSI initiator daemon (iscsid).
         Starting Login to default iSCSI targets...
[[0;32m  OK  [0m] Started LSB: Record successful boot for GRUB.
[[0;32m  OK  [0m] Started LSB: MD monitoring daemon.
[[0;32m  OK  [0m] Started Login to default iSCSI targets.
[[0;32m  OK  [0m] Reached target Remote File Systems (Pre).
[[0;32m  OK  [0m] Reached target Remote File Systems.
         Starting Permit User Sessions...
         Starting LSB: automatic crash report generation...
         Starting LSB: daemon to balance interrupts for SMP systems...
         Starting LSB: Set the CPU Frequency Scaling governor to "ondemand"...
[[0;32m  OK  [0m] Started LSB: Set the CPU Frequency Scaling governor to "ondemand".
[[0;32m  OK  [0m] Started Permit User Sessions.
         Starting Hold until boot process finishes up...
         Starting Terminate Plymouth Boot Screen...
[[0;32m  OK  [0m] Started Hold until boot process finishes up.
[[0;32m  OK  [0m] Started Terminate Plymouth Boot Screen.
[[0;32m  OK  [0m] Started Getty on tty1.
[[0;32m  OK  [0m] Started Serial Getty on ttyS0.
[[0;32m  OK  [0m] Reached target Login Prompts.
         Starting Set console scheme...
[[0;32m  OK  [0m] Started Authenticate and Authorize Users to Run Privileged Tasks.
[[0;32m  OK  [0m] Started Accounts Service.
[[0;32m  OK  [0m] Started LSB: daemon to balance interrupts for SMP systems.
[[0;32m  OK  [0m] Started LSB: automatic crash report generation.
[[0;32m  OK  [0m] Started Set console scheme.
[[0;32m  OK  [0m] Started Virtualbox guest utils.
[[0;32m  OK  [0m] Started Snappy daemon.
         Starting Wait until snapd is fully seeded...
[[0;32m  OK  [0m] Started LXD - container startup/shutdown.

Ubuntu 16.04.6 LTS ubuntu-xenial ttyS0

ubuntu-xenial login: [   33.195704] cloud-init[1372]: Generating locales (this might take a while)...
[   35.354073] cloud-init[1372]:   en_US.UTF-8... done
[   35.355480] cloud-init[1372]: Generation complete.
[   37.158110] cloud-init[1372]: Cloud-init v. 19.2-36-g059d049c-0ubuntu2~16.04.1 running 'modules:config' at Sat, 29 Feb 2020 20:04:25 +0000. Up 32.64 seconds.
ci-info: no authorized ssh keys fingerprints found for user ubuntu.
<14>Feb 29 20:04:30 ec2: 
<14>Feb 29 20:04:30 ec2: #############################################################
<14>Feb 29 20:04:30 ec2: -----BEGIN SSH HOST KEY FINGERPRINTS-----
<14>Feb 29 20:04:30 ec2: 1024 SHA256:FWKdzYgQecQsrfjQMXKNzvrAHkF29YmGRGiPm5qnL3U root@ubuntu-xenial (DSA)
<14>Feb 29 20:04:30 ec2: 256 SHA256:OAENOA1A3kCkus1ZKc6s52dqoKFbsK20Lj9iiGSiSFk root@ubuntu-xenial (ECDSA)
<14>Feb 29 20:04:30 ec2: 256 SHA256:VtJIzCXeLMFFyTdcAoj7qHplXv8jHMIVq/kXWes4YM8 root@ubuntu-xenial (ED25519)
<14>Feb 29 20:04:30 ec2: 2048 SHA256:owCZULJ0zkuqwqbYb/scg4KftIWPv05wStfYBMcteYU root@ubuntu-xenial (RSA)
<14>Feb 29 20:04:30 ec2: -----END SSH HOST KEY FINGERPRINTS-----
<14>Feb 29 20:04:30 ec2: #############################################################
-----BEGIN SSH HOST KEY KEYS-----
ecdsa-sha2-nistp256 AAAAE2VjZHNhLXNoYTItbmlzdHAyNTYAAAAIbmlzdHAyNTYAAABBBJBB3ZiCA7Z6+BRBSDXaBKd0KnWRu4sHI6gO0GBLGFPlHFHzcCDYLH2P2EohVhWh8AxpYOtF7opiDjKCk88oBnY= root@ubuntu-xenial
ssh-ed25519 AAAAC3NzaC1lZDI1NTE5AAAAIL6tnHCdy0xFTcOD8bGN3j8vzKorxopV0tC7b/t31F4X root@ubuntu-xenial
ssh-rsa AAAAB3NzaC1yc2EAAAADAQABAAABAQC17kSj89+oBIwzajczBqYzq/jT4gsr30iYzXGTsm7FOZDoc/8snqmYmn1n+Q9jV9Jm253BtS4VKso92BD8SjOQumsxUyMuQOTMhJLTr85++n71Y5TIZgBtzIlxi+n6jeVJQaBgUspXxqpEJZ8joqMiSRrSOzqdj+5BSf3eI8rU5DRPHsTAlrhnbjPpIgFiiNDZFW0x69iXWhCLiCKQQ8XViqbHMW0DInDYOlV68mVoimvC6XAulRoyMYoVAYFQ6mOElW1UfqN19OZvRxj1K5c6Q178OnZ3yrAcPzcEG+mQ6r8nb2S6vb73IBPDsh2qepRLtuo9fdFr0aBqhjr80gpT root@ubuntu-xenial
-----END SSH HOST KEY KEYS-----
[   37.875380] cloud-init[1599]: Cloud-init v. 19.2-36-g059d049c-0ubuntu2~16.04.1 running 'modules:final' at Sat, 29 Feb 2020 20:04:30 +0000. Up 37.44 seconds.
[   37.876552] cloud-init[1599]: ci-info: no authorized ssh keys fingerprints found for user ubuntu.
[   37.877350] cloud-init[1599]: Cloud-init v. 19.2-36-g059d049c-0ubuntu2~16.04.1 finished at Sat, 29 Feb 2020 20:04:30 +0000. Datasource DataSourceNoCloud [seed=/dev/sdb][dsmode=net].  Up 37.86 seconds
